<?xml version="1.0" encoding="UTF-8"?>
<!-- Generated by org.testng.reporters.JUnitXMLReporter -->
<testsuite ignored="2" hostname="RamyaG" failures="0" tests="6" name="TestRunner-chrome" time="118.216" errors="0" timestamp="14 Jun 2024 06:52:03 GMT">
  <testcase classname="com.crm.comcast.TestNGOrgTest.CreateOrgTest" name="CreateOrgWithIndustry" time="11.779"/>
  <testcase classname="com.crm.comcast.TestNGOrgTest.CreateOrgTest" name="CreateOrgWithPhoneNumber" time="11.547"/>
  <testcase classname="com.crm.comcast.TestNGOrgTest.CreateOrgTest" name="createOrgTest" time="11.187"/>
  <testcase classname="com.crm.comcast.TestNGContactTest.CreateContactTest" name="CreateContactWithOrg" time="24.949"/>
  <testcase classname="com.crm.comcast.TestNGContactTest.CreateContactTest" name="CreateContactWithSuppportDate" time="11.627"/>
  <testcase classname="com.crm.comcast.TestNGContactTest.CreateContactTest" name="createContactTest" time="11.562"/>
  <testcase classname="com.comcast.crm.basetest.BaseClass" name="@BeforeSuite configBS" time="0.0">
    <ignored/>
  </testcase> <!-- @BeforeSuite configBS -->
  <testcase classname="com.comcast.crm.basetest.BaseClass" name="@AfterSuite configAS" time="0.0">
    <ignored/>
  </testcase> <!-- @AfterSuite configAS -->
</testsuite> <!-- TestRunner-chrome -->
