<?xml version="1.0" encoding="UTF-8"?>
<!-- Generated by org.testng.reporters.JUnitXMLReporter -->
<testsuite ignored="2" hostname="RamyaG" failures="0" tests="6" name="TestRunner-Firefox" time="121.404" errors="0" timestamp="14 Jun 2024 06:52:06 GMT">
  <testcase classname="com.crm.comcast.TestNGOrgTest.CreateOrgTest" name="CreateOrgWithIndustry" time="11.921"/>
  <testcase classname="com.crm.comcast.TestNGOrgTest.CreateOrgTest" name="CreateOrgWithPhoneNumber" time="10.861"/>
  <testcase classname="com.crm.comcast.TestNGOrgTest.CreateOrgTest" name="createOrgTest" time="11.517"/>
  <testcase classname="com.crm.comcast.TestNGContactTest.CreateContactTest" name="CreateContactWithOrg" time="23.638"/>
  <testcase classname="com.crm.comcast.TestNGContactTest.CreateContactTest" name="CreateContactWithSuppportDate" time="10.632"/>
  <testcase classname="com.crm.comcast.TestNGContactTest.CreateContactTest" name="createContactTest" time="10.456"/>
  <testcase classname="com.comcast.crm.basetest.BaseClass" name="@BeforeSuite configBS" time="0.0">
    <ignored/>
  </testcase> <!-- @BeforeSuite configBS -->
  <testcase classname="com.comcast.crm.basetest.BaseClass" name="@AfterSuite configAS" time="0.0">
    <ignored/>
  </testcase> <!-- @AfterSuite configAS -->
</testsuite> <!-- TestRunner-Firefox -->
